<?xml version="1.0" encoding="UTF-8"?>
<!-- Generated by org.testng.reporters.JUnitReportReporter -->
<testsuite skipped="0" hostname="DESKTOP-J6N7BE5" name="NetworkModel.Matrix2DTest" tests="20" failures="0" timestamp="02 Feb 2020 16:32:42 GMT" time="0.111" errors="0">
  <testcase name="add" time="0.002" classname="NetworkModel.Matrix2DTest"/>
  <testcase name="map" time="0.002" classname="NetworkModel.Matrix2DTest"/>
  <testcase name="destructiveUpdate" time="0.001" classname="NetworkModel.Matrix2DTest"/>
  <testcase name="multiply" time="0.001" classname="NetworkModel.Matrix2DTest"/>
  <testcase name="columns" time="0.001" classname="NetworkModel.Matrix2DTest"/>
  <testcase name="getColumns" time="0.001" classname="NetworkModel.Matrix2DTest"/>
  <testcase name="rows" time="0.001" classname="NetworkModel.Matrix2DTest"/>
  <testcase name="scale" time="0.004" classname="NetworkModel.Matrix2DTest"/>
  <testcase name="transpose" time="0.002" classname="NetworkModel.Matrix2DTest"/>
  <testcase name="verticalBatch_AverageVertically" time="0.004" classname="NetworkModel.Matrix2DTest"/>
  <testcase name="verticalBatch_ScalarMultiply" time="0.001" classname="NetworkModel.Matrix2DTest"/>
  <testcase name="verticalBatch_SumVertically" time="0.003" classname="NetworkModel.Matrix2DTest"/>
  <testcase name="getRows" time="0.000" classname="NetworkModel.Matrix2DTest"/>
  <testcase name="Matrix2Dfloat" time="0.001" classname="NetworkModel.Matrix2DTest"/>
  <testcase name="Matrix2Dintint" time="0.006" classname="NetworkModel.Matrix2DTest"/>
  <testcase name="getColumn" time="0.001" classname="NetworkModel.Matrix2DTest"/>
  <testcase name="normaliseVerticallyWith" time="0.001" classname="NetworkModel.Matrix2DTest"/>
  <testcase name="getRow" time="0.001" classname="NetworkModel.Matrix2DTest"/>
  <testcase name="Matrix2DMatrix2D" time="0.077" classname="NetworkModel.Matrix2DTest"/>
  <testcase name="flatten" time="0.001" classname="NetworkModel.Matrix2DTest"/>
</testsuite> <!-- NetworkModel.Matrix2DTest -->
