<?xml version="1.0" encoding="UTF-8"?>
<!-- Generated by org.testng.reporters.JUnitReportReporter -->
<testsuite skipped="0" hostname="DESKTOP-J6N7BE5" name="NetworkModel.Tests.ModelTester" tests="1" failures="0" timestamp="26 Feb 2020 09:47:27 GMT" time="0.193" errors="0">
  <testcase name="twoHiddenLayersDerived" time="0.193" classname="NetworkModel.Tests.ModelTester"/>
</testsuite> <!-- NetworkModel.Tests.ModelTester -->
